make all --print-data-base --no-builtin-variables --no-builtin-rules --question
# GNU Make 3.81
# Copyright (C) 2006  Free Software Foundation, Inc.
# This is free software; see the source for copying conditions.
# There is NO warranty; not even for MERCHANTABILITY or FITNESS FOR A
# PARTICULAR PURPOSE.

# This program built for i386-apple-darwin11.3.0
 

# Make data base, printed on Fri Jun  2 17:46:43 2023

# Variables

# automatic
<D = $(patsubst %/,%,$(dir $<))
# automatic
?F = $(notdir $?)
# environment
VSCODE_CRASH_REPORTER_PROCESS_TYPE = extensionHost
# automatic
?D = $(patsubst %/,%,$(dir $?))
# automatic
@D = $(patsubst %/,%,$(dir $@))
# automatic
@F = $(notdir $@)
# makefile
CURDIR := /Users/yoonslee/Desktop/so_long_github
# makefile
SHELL = /bin/sh
# environment
VSCODE_NLS_CONFIG = {"locale":"en-us","osLocale":"en","availableLanguages":{},"_languagePackSupport":true}
# environment
_ = /usr/bin/make
# makefile (from `Makefile', line 1)
MAKEFILE_LIST :=  Makefile
# makefile (from `Makefile', line 15)
OBJS = $(SRCS:.c=.o)
# environment
VSCODE_CWD = /
# environment
Apple_PubSub_Socket_Render = /private/tmp/com.apple.launchd.07TgYeoLZv/Render
# environment
PATH = /Users/yoonslee/.brew/bin:/Users/yoonslee/.brew/bin:/Users/yoonslee/.brew/bin:/usr/local/bin:/usr/bin:/bin:/usr/sbin:/sbin:/usr/local/munki:/Library/Frameworks/Mono.framework/Versions/Current/Commands
# environment
ELECTRON_RUN_AS_NODE = 1
# default
.FEATURES := target-specific order-only second-expansion else-if archives jobserver check-symlink
# environment
SSH_AUTH_SOCK = /private/tmp/com.apple.launchd.3WeR7L0jEW/Listeners
# automatic
%F = $(notdir $%)
# environment
PWD = /Users/yoonslee/Desktop/so_long_github
# environment
ORIGINAL_XDG_CURRENT_DESKTOP = undefined
# environment
VSCODE_AMD_ENTRYPOINT = vs/workbench/api/node/extensionHostProcess
# environment
HOME = /Users/yoonslee
# default
MAKEFILEPATH := /Applications/Xcode.app/Contents/Developer/Makefiles
# environment
VSCODE_CODE_CACHE_PATH = /Users/yoonslee/Library/Application Support/Code/CachedData/b3e4e68a0bc097f0ae7907b217c1119af9e03435
# environment
LOGNAME = yoonslee
# environment
APPLICATION_INSIGHTS_NO_DIAGNOSTIC_CHANNEL = 1
# environment
VSCODE_HANDLES_UNCAUGHT_ERRORS = true
# automatic
^D = $(patsubst %/,%,$(dir $^))
# environment
XPC_FLAGS = 0x0
# default
MAKE = $(MAKE_COMMAND)
# default
MAKECMDGOALS := all
# makefile (from `Makefile', line 14)
SRCS = main.c error.c validate_map.c utils.c make_map.c movement.c later_delete.c
# environment
SHLVL = 1
# makefile (from `Makefile', line 16)
CC = cc
# environment
VSCODE_CRASH_REPORTER_SANDBOXED_HINT = 1
# default
MAKE_VERSION := 3.81
# environment
USER = yoonslee
# makefile
.DEFAULT_GOAL := all
# makefile (from `Makefile', line 13)
NAME = so_long
# automatic
%D = $(patsubst %/,%,$(dir $%))
# default
MAKE_COMMAND := /Applications/Xcode.app/Contents/Developer/usr/bin/make
# default
.VARIABLES := 
# environment
TMPDIR = /var/folders/zz/zyxvpxvq6csfxvn_n0000mww000577/T/
# automatic
*F = $(notdir $*)
# environment
VSCODE_IPC_HOOK = /Users/yoonslee/Library/Application Support/Code/1.78-main.sock
# environment
MallocNanoZone = 0
# makefile
MAKEFLAGS = Rrqp
# environment
MFLAGS = -Rrqp
# automatic
*D = $(patsubst %/,%,$(dir $*))
# environment
XPC_SERVICE_NAME = com.apple.xpc.launchd.oneshot.0x10000001.Electron
# automatic
+D = $(patsubst %/,%,$(dir $+))
# automatic
+F = $(notdir $+)
# environment
__CF_USER_TEXT_ENCODING = 0x14E7:0x0:0x0
# environment
COMMAND_MODE = unix2003
# default
MAKEFILES := 
# automatic
<F = $(notdir $<)
# makefile (from `Makefile', line 19)
MLX_FLAGS = -lmlx -framework OpenGL -framework AppKit
# environment
LC_ALL = C
# makefile (from `Makefile', line 17)
HEADER = so_long.h
# environment
SECURITYSESSIONID = 186a8
# automatic
^F = $(notdir $^)
# default
SUFFIXES := 
# makefile (from `Makefile', line 18)
FLAGS = -Wall -Wextra -Werror -g
# default
.INCLUDE_DIRS = /usr/local/include
# environment
MAKELEVEL := 0
# environment
LANG = C
# environment
VSCODE_PID = 4952
# variable set hash-table stats:
# Load=68/1024=7%, Rehash=0, Collisions=4/99=4%

# Pattern-specific Variable Values

# No pattern-specific variable values.

# Directories

# . (device 16777227, inode 1232773): 26 files, no impossibilities.

# 26 files, no impossibilities in 1 directories.

# Implicit Rules

# No implicit rules.

# Files

later_delete.o: main.c error.c validate_map.c utils.c make_map.c movement.c later_delete.c
#  Implicit rule search has not been done.
#  Last modified 2023-06-02 15:51:21
#  File has been updated.
#  Successfully updated.
#  commands to execute (from `Makefile', line 28):
	$(CC) -c $(FLAGS) $(SRCS) -I$(HEADER)
	

all: so_long
#  Phony target (prerequisite of .PHONY).
#  Command-line target.
#  Implicit rule search has not been done.
#  File does not exist.
#  File has been updated.
#  Successfully updated.
# variable set hash-table stats:
# Load=0/32=0%, Rehash=0, Collisions=0/0=0%

# Not a target:
utils.c:
#  Implicit rule search has been done.
#  Last modified 2023-06-01 17:26:06
#  File has been updated.
#  Successfully updated.
# variable set hash-table stats:
# Load=0/32=0%, Rehash=0, Collisions=0/0=0%

.PHONY: all clean fclean re
#  Implicit rule search has not been done.
#  Modification time never checked.
#  File has not been updated.

# Not a target:
main.c:
#  Implicit rule search has been done.
#  Last modified 2023-06-02 15:22:48
#  File has been updated.
#  Successfully updated.
# variable set hash-table stats:
# Load=0/32=0%, Rehash=0, Collisions=0/0=0%

# Not a target:
movement.c:
#  Implicit rule search has been done.
#  Last modified 2023-06-01 19:05:45
#  File has been updated.
#  Successfully updated.
# variable set hash-table stats:
# Load=0/32=0%, Rehash=0, Collisions=0/0=0%

# Not a target:
.SUFFIXES:
#  Implicit rule search has not been done.
#  Modification time never checked.
#  File has not been updated.

# Not a target:
Makefile:
#  Implicit rule search has been done.
#  Last modified 2023-06-02 10:52:18
#  File has been updated.
#  Successfully updated.
# variable set hash-table stats:
# Load=0/32=0%, Rehash=0, Collisions=0/0=0%

# Not a target:
make_map.c:
#  Implicit rule search has been done.
#  Last modified 2023-06-02 13:43:41
#  File has been updated.
#  Successfully updated.
# variable set hash-table stats:
# Load=0/32=0%, Rehash=0, Collisions=0/0=0%

error.o: main.c error.c validate_map.c utils.c make_map.c movement.c later_delete.c
#  Implicit rule search has not been done.
#  Last modified 2023-06-02 15:51:21
#  File has been updated.
#  Successfully updated.
#  commands to execute (from `Makefile', line 28):
	$(CC) -c $(FLAGS) $(SRCS) -I$(HEADER)
	

# Not a target:
later_delete.c:
#  Implicit rule search has been done.
#  Last modified 2023-06-01 13:35:52
#  File has been updated.
#  Successfully updated.
# variable set hash-table stats:
# Load=0/32=0%, Rehash=0, Collisions=0/0=0%

fclean: clean
#  Phony target (prerequisite of .PHONY).
#  Implicit rule search has not been done.
#  File does not exist.
#  File has not been updated.
#  commands to execute (from `Makefile', line 35):
	rm -rf $(NAME)
	rm -rf libft/libft.a
	

# Not a target:
.DEFAULT:
#  Implicit rule search has not been done.
#  Modification time never checked.
#  File has not been updated.

validate_map.o: main.c error.c validate_map.c utils.c make_map.c movement.c later_delete.c
#  Implicit rule search has not been done.
#  Last modified 2023-06-02 15:51:21
#  File has been updated.
#  Successfully updated.
#  commands to execute (from `Makefile', line 28):
	$(CC) -c $(FLAGS) $(SRCS) -I$(HEADER)
	

re: fclean clean all
#  Phony target (prerequisite of .PHONY).
#  Implicit rule search has not been done.
#  File does not exist.
#  File has not been updated.

clean:
#  Phony target (prerequisite of .PHONY).
#  Implicit rule search has not been done.
#  File does not exist.
#  File has not been updated.
#  commands to execute (from `Makefile', line 31):
	rm -rf $(OBJS)
	make -C libft clean
	

# Not a target:
error.c:
#  Implicit rule search has been done.
#  Last modified 2023-06-02 13:31:13
#  File has been updated.
#  Successfully updated.
# variable set hash-table stats:
# Load=0/32=0%, Rehash=0, Collisions=0/0=0%

utils.o: main.c error.c validate_map.c utils.c make_map.c movement.c later_delete.c
#  Implicit rule search has not been done.
#  Last modified 2023-06-02 15:51:21
#  File has been updated.
#  Successfully updated.
#  commands to execute (from `Makefile', line 28):
 
	$(CC) -c $(FLAGS) $(SRCS) -I$(HEADER)
	

main.o: main.c error.c validate_map.c utils.c make_map.c movement.c later_delete.c
#  Implicit rule search has not been done.
#  Last modified 2023-06-02 15:51:21
#  File has been updated.
#  Successfully updated.
# variable set hash-table stats:
# Load=0/32=0%, Rehash=0, Collisions=0/0=0%
#  commands to execute (from `Makefile', line 28):
	$(CC) -c $(FLAGS) $(SRCS) -I$(HEADER)
	

so_long: main.o error.o validate_map.o utils.o make_map.o movement.o later_delete.o
#  Implicit rule search has not been done.
#  Last modified 2023-06-02 15:51:22
#  File has been updated.
#  Successfully updated.
# variable set hash-table stats:
# Load=0/32=0%, Rehash=0, Collisions=0/0=0%
#  commands to execute (from `Makefile', line 24):
	make -C libft all
	$(CC) $(FLAGS) $(OBJS) -I$(HEADER) ./libft/libft.a $(MLX_FLAGS) -o $(NAME) 
	

movement.o: main.c error.c validate_map.c utils.c make_map.c movement.c later_delete.c
#  Implicit rule search has not been done.
#  Last modified 2023-06-02 15:51:21
#  File has been updated.
#  Successfully updated.
#  commands to execute (from `Makefile', line 28):
	$(CC) -c $(FLAGS) $(SRCS) -I$(HEADER)
	

# Not a target:
validate_map.c:
#  Implicit rule search has been done.
#  Last modified 2023-06-02 15:51:16
#  File has been updated.
#  Successfully updated.
# variable set hash-table stats:
# Load=0/32=0%, Rehash=0, Collisions=0/0=0%

make_map.o: main.c error.c validate_map.c utils.c make_map.c movement.c later_delete.c
#  Implicit rule search has not been done.
#  Last modified 2023-06-02 15:51:21
#  File has been updated.
#  Successfully updated.
#  commands to execute (from `Makefile', line 28):
	$(CC) -c $(FLAGS) $(SRCS) -I$(HEADER)
	

# files hash-table stats:
# Load=23/1024=2%, Rehash=0, Collisions=0/101=0%
# VPATH Search Paths

# No `vpath' search paths.

# No general (`VPATH' variable) search path.

# # of strings in strcache: 1
# # of strcache buffers: 1
# strcache size: total = 4096 / max = 4096 / min = 4096 / avg = 4096
# strcache free: total = 4087 / max = 4087 / min = 4087 / avg = 4087

# Finished Make data base on Fri Jun  2 17:46:43 2023

 
